[debug] [2023-01-02T08:24:54.150Z] ----------------------------------------------------------------------
[debug] [2023-01-02T08:24:54.152Z] Command:       C:\Program Files\nodejs\node.exe C:\Users\lenovo\AppData\Roaming\npm\node_modules\firebase-tools\lib\bin\firebase.js init
[debug] [2023-01-02T08:24:54.152Z] CLI Version:   11.19.0
[debug] [2023-01-02T08:24:54.152Z] Platform:      win32
[debug] [2023-01-02T08:24:54.152Z] Node Version:  v16.16.0
[debug] [2023-01-02T08:24:54.154Z] Time:          Mon Jan 02 2023 13:54:54 GMT+0530 (India Standard Time)
[debug] [2023-01-02T08:24:54.154Z] ----------------------------------------------------------------------
[debug] 
[debug] [2023-01-02T08:24:54.162Z] > command requires scopes: ["email","openid","https://www.googleapis.com/auth/cloudplatformprojects.readonly","https://www.googleapis.com/auth/firebase","https://www.googleapis.com/auth/cloud-platform"]
[debug] [2023-01-02T08:24:54.162Z] > authorizing via signed-in user (manishjadav1302@gmail.com)
[info] 
     ######## #### ########  ######## ########     ###     ######  ########
     ##        ##  ##     ## ##       ##     ##  ##   ##  ##       ##
     ######    ##  ########  ######   ########  #########  ######  ######
     ##        ##  ##    ##  ##       ##     ## ##     ##       ## ##
     ##       #### ##     ## ######## ########  ##     ##  ######  ########

You're about to initialize a Firebase project in this directory:

  D:\Web Dev\Node js\Notes

[info] 
=== Project Setup
[info] 
[info] First, let's associate this project directory with a Firebase project.
[info] You can create multiple project aliases by running firebase use --add, 
[info] but for now we'll just set up a default project.
[info] 
[info] i  If you want to create a project in a Google Cloud organization or folder, please use "firebase projects:create" instead, and return to this command when you've created the project. 
[debug] [2023-01-02T08:27:31.418Z] >>> [apiv2][query] POST https://cloudresourcemanager.googleapis.com/v1/projects [none]
[debug] [2023-01-02T08:27:31.418Z] >>> [apiv2][body] POST https://cloudresourcemanager.googleapis.com/v1/projects {"projectId":"notesapp","name":"minimal notes"}
[debug] [2023-01-02T08:27:42.792Z] FirebaseError: Failed to make request to https://cloudresourcemanager.googleapis.com/v1/projects
    at RetryOperation._fn (C:\Users\lenovo\AppData\Roaming\npm\node_modules\firebase-tools\lib\apiv2.js:242:31)
    at processTicksAndRejections (node:internal/process/task_queues:96:5)
[error] 
[error] Error: Failed to create project. See firebase-debug.log for more info.
